<?xml version="1.0" encoding="UTF-8"?>
<robot generator="Robot 3.2.2 (Python 3.8.0 on win32)" generated="20210318 18:04:08.286" rpa="false">
<suite id="s1" name="LoginTests" source="C:\Portfolio\Web\Tests\LoginTests.robot">
<test id="s1-t1" name="Login without password">
<kw name="Begin Web Test" library="Common" type="setup">
<kw name="Open Browser" library="SeleniumLibrary">
<doc>Opens a new browser instance to given URL.</doc>
<arguments>
<arg>url=${URL}</arg>
<arg>browser=${BROWSER}</arg>
<arg>remote_url=${RemoteURL}</arg>
<arg>desired_capabilities=browser:${BROWSER},browser_version:${BROWSER_VERSION},os:${OS},os_version:${OS_VERSION}</arg>
</arguments>
<msg timestamp="20210318 18:04:08.754" level="INFO">Opening browser 'Chrome' to base url 'https://br.linkedin.com' through remote server at 'http://lucas793:fc51BgPYAVQaznMJs8nL@hub.browserstack.com/wd/hub'</msg>
<status status="PASS" starttime="20210318 18:04:08.752" endtime="20210318 18:04:21.938"></status>
</kw>
<kw name="Maximize Browser Window" library="SeleniumLibrary">
<doc>Maximizes current browser window.</doc>
<status status="PASS" starttime="20210318 18:04:21.939" endtime="20210318 18:04:26.155"></status>
</kw>
<status status="PASS" starttime="20210318 18:04:08.751" endtime="20210318 18:04:26.155"></status>
</kw>
<kw name="Given User goes to Login Page" library="LoginPage">
<kw name="Wait Until Page Contains Element" library="SeleniumLibrary">
<doc>Waits until element specified with `locator` appears on current page.</doc>
<arguments>
<arg>${LOCATOR_PASSWORD}</arg>
<arg>timeout=10</arg>
</arguments>
<status status="PASS" starttime="20210318 18:04:26.157" endtime="20210318 18:04:27.055"></status>
</kw>
<status status="PASS" starttime="20210318 18:04:26.156" endtime="20210318 18:04:27.056"></status>
</kw>
<kw name="When User types &quot;lucassantos32@gmail.com&quot; in email" library="LoginPage">
<kw name="Input Text" library="SeleniumLibrary">
<doc>Types the given `text` into text field identified by `locator`.</doc>
<arguments>
<arg>${LOCATOR_EMAIL}</arg>
<arg>${User}</arg>
</arguments>
<msg timestamp="20210318 18:04:27.058" level="INFO">Typing text 'lucassantos32@gmail.com' into text field 'id=session_key'</msg>
<status status="PASS" starttime="20210318 18:04:27.058" endtime="20210318 18:04:30.848"></status>
</kw>
<status status="PASS" starttime="20210318 18:04:27.057" endtime="20210318 18:04:30.849"></status>
</kw>
<kw name="And User clicks on Enter" library="LoginPage">
<kw name="Click Button" library="SeleniumLibrary">
<doc>Clicks a button identified by `locator`.</doc>
<arguments>
<arg>class=sign-in-form__submit-button</arg>
</arguments>
<msg timestamp="20210318 18:04:30.853" level="INFO">Clicking button 'class=sign-in-form__submit-button'.</msg>
<status status="PASS" starttime="20210318 18:04:30.853" endtime="20210318 18:04:33.586"></status>
</kw>
<status status="PASS" starttime="20210318 18:04:30.851" endtime="20210318 18:04:33.586"></status>
</kw>
<kw name="Then System should show an alert &quot;Insert a password&quot;" library="LoginPage">
<kw name="Element Text Should Be" library="SeleniumLibrary">
<doc>Verifies element identified by `locator` exactly contains text `expected`.</doc>
<arguments>
<arg>class=alert-content</arg>
<arg>${ALERT_MESSAGE}</arg>
</arguments>
<msg timestamp="20210318 18:04:33.589" level="INFO">Verifying element 'class=alert-content' contains exactly text 'Insira sua senha.'.</msg>
<status status="PASS" starttime="20210318 18:04:33.589" endtime="20210318 18:04:34.526"></status>
</kw>
<status status="PASS" starttime="20210318 18:04:33.588" endtime="20210318 18:04:34.527"></status>
</kw>
<kw name="End Web Test" library="Common" type="teardown">
<kw name="Close All Browsers" library="SeleniumLibrary">
<doc>Closes all open browsers and resets the browser cache.</doc>
<status status="PASS" starttime="20210318 18:04:34.531" endtime="20210318 18:04:35.851"></status>
</kw>
<status status="PASS" starttime="20210318 18:04:34.529" endtime="20210318 18:04:35.852"></status>
</kw>
<tags>
<tag>SmokeTest</tag>
</tags>
<status status="PASS" starttime="20210318 18:04:08.750" endtime="20210318 18:04:35.853" critical="yes"></status>
</test>
<doc>Feature: Login Page</doc>
<status status="PASS" starttime="20210318 18:04:08.292" endtime="20210318 18:04:35.858"></status>
</suite>
<statistics>
<total>
<stat pass="1" fail="0">Critical Tests</stat>
<stat pass="1" fail="0">All Tests</stat>
</total>
<tag>
<stat pass="1" fail="0">SmokeTest</stat>
</tag>
<suite>
<stat pass="1" fail="0" id="s1" name="LoginTests">LoginTests</stat>
</suite>
</statistics>
<errors>
</errors>
</robot>
