<?xml version="1.0" encoding="UTF-8"?>
<robot generator="Robot 4.0 (Python 3.9.2 on win32)" generated="20210321 20:00:22.139" rpa="false" schemaversion="2">
<suite id="s1" name="APITesting" source="C:\Portfolio\api\tests\APITesting.robot">
<test id="s1-t1" name="API status code should be 200">
<kw name="Create Session" library="RequestsLibrary">
<arg>facebook</arg>
<arg>http://www.facebook.com</arg>
<doc>Create Session: create a HTTP session to a server</doc>
<msg timestamp="20210321 20:00:22.259" level="INFO">Creating Session using : alias=facebook, url=http://www.facebook.com, headers={},                     cookies={}, auth=None, timeout=None, proxies=None, verify=False,                     debug=0 </msg>
<status status="PASS" starttime="20210321 20:00:22.259" endtime="20210321 20:00:22.259"/>
</kw>
<kw name="Get On Session" library="RequestsLibrary">
<var>${response}</var>
<arg>facebook</arg>
<arg>/</arg>
<arg>expected_status=200</arg>
<doc>Sends a GET request on a previously created HTTP Session.</doc>
<msg timestamp="20210321 20:00:22.989" level="INFO">GET Request : url=http://www.facebook.com/ (redirected) 
 path_url=/ 
 headers={'User-Agent': 'python-requests/2.25.1', 'Accept-Encoding': 'gzip, deflate', 'Accept': '*/*', 'Connection': 'keep-alive'} 
 body=None 
 </msg>
<msg timestamp="20210321 20:00:22.989" level="INFO">GET Response : url=https://www.facebook.com/ 
 status=200, reason=OK 
 headers={'X-Frame-Options': 'DENY', 'X-XSS-Protection': '0', 'X-Content-Type-Options': 'nosniff', 'Strict-Transport-Security': 'max-age=15552000; preload', 'Set-Cookie': 'fr=1uzw4G45mMG9fqePp..BgV9AH.Ya.AAA.0.0.BgV9AH.AWVMLk1sfTs; expires=Sat, 19-Jun-2021 23:00:22 GMT; Max-Age=7775999; path=/; domain=.facebook.com; secure; httponly, sb=B9BXYD6uMHeSTa2QfYpf8vP4; expires=Tue, 21-Mar-2023 23:00:23 GMT; Max-Age=63072000; path=/; domain=.facebook.com; secure; httponly', 'Content-Encoding': 'gzip', 'Expires': 'Sat, 01 Jan 2000 00:00:00 GMT', 'Cache-Control': 'private, no-cache, no-store, must-revalidate', 'Vary': 'Accept-Encoding', 'Pragma': 'no-cache', 'x-fb-rlafr': '0', 'Content-Type': 'text/html; charset="utf-8"', 'X-FB-Debug': 'bi8BM+4ASVG6Pdcv/nITqwND6AmBGeOvlfhkJ+hC+6eFTlEpeHmMZ2e7BcyyuoeJJ78mXt+hDRmClqY6oajmdQ==', 'Date': 'Sun, 21 Mar 2021 23:00:23 GMT', 'Alt-Svc': 'h3-29=":443"; ma=3600,h3-27=":443"; ma=3600', 'Transfer-Encoding': 'chunked', 'Connection': 'keep-alive'} 
 body=&lt;!DOCTYPE html&gt;
&lt;html lang="pt" id="facebook" class="no_js"&gt;
&lt;head&gt;&lt;meta charset="utf-8" /&gt;&lt;meta name="referrer" content="default" id="meta_referrer" /&gt;&lt;script nonce="GUe0J3PP"&gt;window._cstart=+new Date();&lt;/script&gt;&lt;script nonce="GUe0J3PP"&gt;function envFlush(a){function b(b){for(var c in a)b[c]=a[c]}window.requireLazy?window.requireLazy(["Env"],b):(window.Env=window.Env||{},b(window.Env))}envFlush({"ajaxpipe_token":"AXjkAKTteOK2amkWZCA","timeslice_heartbeat_config":{"pollIntervalMs":33,"idleGapThresholdMs":60,"ignoredTimesliceNames":{"requestAnimationFrame":true,"Event listenHandler mousemove":true,"Event listenHandler mouseover":true,"Event listenHandler mouseout":true,"Event listenHandler scroll":true},"isHeartbeatEnabled":true,"isArtilleryOn":false},"shouldLogCounters":true,"timeslice_categories":{"react_render":true,"reflow":true},"sample_continuation_stacktraces":true,"dom_mutation_flag":true,"gk_requirelazy_mem":true,"stack_trace_limit":30,"timesliceBufferSize":5000,"show_invariant_decoder":false,"compat_iframe_token":"AQ67UXGdFPJFNwWzRwA","isCQuick":false});&lt;/script&gt;&lt;style nonce="GUe0J3PP"&gt;&lt;/style&gt;&lt;script nonce="GUe0J3PP"&gt;__DEV__=0;CavalryLogger=window.CavalryLogger||function(a){this.lid=a,this.transition=!1,this.metric_collected=!1,this.is_detailed_profiler=!1,this.instrumentation_started=!1,this.pagelet_metrics={},this.events={},this.ongoing_watch={},this.values={t_cstart:window._cstart},this.piggy_values={},this.bootloader_metrics={},this.resource_to_pagelet_mapping={},this.initializeInstrumentation&amp;&amp;this.initializeInstrumentation()},CavalryLogger.prototype.setIsDetailedProfiler=function(a){this.is_detailed_profiler=a;return this},CavalryLogger.prototype.setTTIEvent=function(a){this.tti_event=a;return this},CavalryLogger.prototype.setValue=function(a,b,c,d){d=d?this.piggy_values:this.values;(typeof d[a]==="undefined"||c)&amp;&amp;(d[a]=b);return this},CavalryLogger.prototype.getLastTtiValue=function(){return this.lastTtiValue},CavalryLogger.prototype.setTimeStamp=CavalryLogger.prototype.setTimeStamp||function(a,b,c,d){this.mark(a);var e=this.values.t_cstart||this.values.t_start;e=d?e+d:CavalryLogger.now();this.setValue(a,e,b,c);this.tti_event&amp;&amp;a==this.tti_event&amp;&amp;(this.lastTtiValue=e,this.setTimeStamp("t_tti",b));return this},CavalryLogger.prototype.mark=typeof console==="object"&amp;&amp;console.timeStamp?function(a){console.timeStamp(a)}:function(){},CavalryLogger.prototype.addPiggyback=function(a,b){this.piggy_values[a]=b;return this},CavalryLogger.instances={},CavalryLogger.id=0,CavalryLogger.getInstance=function(a){typeof a==="undefined"&amp;&amp;(a=CavalryLogger.id);CavalryLogger.instances[a]||(CavalryLogger.instances[a]=new CavalryLogger(a));return CavalryLogger.instances[a]},CavalryLogger.setPageID=function(a){if(CavalryLogger.id===0){var b=CavalryLogger.getInstance();CavalryLogger.instances[a]=b;CavalryLogger.instances[a].lid=a;delete CavalryLogger.instances[0]}CavalryLogger.id=a},CavalryLogger.now=function(){return window.performance&amp;&amp;performance.timing&amp;&amp;performance.timing.navigationStart&amp;&amp;performance.now?performance.now()+performance.timing.navigationStart:new Date().getTime()},CavalryLogger.prototype.measureResources=function(){},CavalryLogger.prototype.profileEarlyResources=function(){},CavalryLogger.getBootloaderMetricsFromAllLoggers=function(){},CavalryLogger.start_js=function(){},CavalryLogger.done_js=function(){};CavalryLogger.getInstance().setTTIEvent("t_domcontent");CavalryLogger.prototype.measureResources=function(a,b){if(!this.log_resources)return;var c="bootload/"+a.name;if(this.bootloader_metrics[c]!==void 0||this.ongoing_watch[c]!==void 0)return;var d=CavalryLogger.now();this.ongoing_watch[c]=d;"start_"+c in this.bootloader_metrics||(this.bootloader_metrics["start_"+c]=d);b&amp;&amp;!("tag_"+c in this.bootloader_metrics)&amp;&amp;(this.bootloader_metrics["tag_"+c]=b);if(a.type==="js"){c="js_exec/"+a.name;this.ongoing_watch[c]=d}},CavalryLogger.prototype.stopWatch=function(a){if(this.ongoing_watch[a]){var b=CavalryLogger.now(),c=b-this.ongoing_watch[a];this.bootloader_metrics[a]=c;var d=this.piggy_values;a.indexOf("bootload")===0&amp;&amp;(d.t_resource_download||(d.t_resource_download=0),d.resources_downloaded||(d.resources_downloaded=0),d.t_resource_download+=c,d.resources_downloaded+=1,d["tag_"+a]=="_EF_"&amp;&amp;(d.t_pagelet_cssload_early_resources=b));delete this.ongoing_watch[a]}return this},CavalryLogger.getBootloaderMetricsFromAllLoggers=function(){var a={};Object.values(window.CavalryLogger.instances).forEach(function(b){b.bootloader_metrics&amp;&amp;Object.assign(a,b.bootloader_metrics)});return a},CavalryLogger.start_js=function(a){for(var b=0;b&lt;a.length;++b)CavalryLogger.getInstance().stopWatch("js_exec/"+a[b])},CavalryLogger.done_js=function(a){for(var b=0;b&lt;a.length;++b)CavalryLogger.getInstance().stopWatch("bootload/"+a[b])},CavalryLogger.prototype.profileEarlyResources=function(a){for(var b=0;b&lt;a.length;b++)this.measureResources({name:a[b][0],type:a[b][1]?"js":""},"_EF_")};CavalryLogger.getInstance().log_resources=true;CavalryLogger.getInstance().setIsDetailedProfiler(true);window.CavalryLogger&amp;&amp;CavalryLogger.getInstance().setTimeStamp("t_start");&lt;/script&gt;&lt;noscript&gt;&lt;meta http-equiv="refresh" content="0; URL=/?_fb_noscript=1" /&gt;&lt;/noscript&gt;&lt;link rel="manifest" href="/data/manifest/" crossorigin="use-credentials" /&gt;&lt;title id="pageTitle"&gt;Facebook – entre ou cadastre-se&lt;/title&gt;&lt;meta property="og:site_name" content="Facebook" /&gt;&lt;meta property="og:url" content="https://www.facebook.com/" /&gt;&lt;meta property="og:image" content="https://www.facebook.com/images/fb_icon_325x325.png" /&gt;&lt;meta property="og:locale" content="pt_BR" /&gt;&lt;meta property="og:locale:alternate" content="www" /&gt;&lt;meta property="og:locale:alternate" content="es_LA" /&gt;&lt;meta property="og:locale:alternate" content="es_ES" /&gt;&lt;meta property="og:locale:alternate" content="fr_FR" /&gt;&lt;meta property="og:locale:alternate" content="it_IT" /&gt;&lt;meta property="og:locale:alternate" content="id_ID" /&gt;&lt;meta property="og:locale:alternate" content="th_TH" /&gt;&lt;meta property="og:locale:alternate" content="vi_VN" /&gt;&lt;meta property="og:locale:alternate" content="ko_KR" /&gt;&lt;meta property="og:locale:alternate" content="ja_JP" /&gt;&lt;link rel="search" type="application/opensearchdescription+xml" href="/osd.xml" title="Facebook" /&gt;&lt;link rel="canonical" href="https://www.facebook.com/" /&gt;&lt;link rel="alternate" media="only screen and (max-width: 640px)" href="https://m.facebook.com/?locale2=pt_BR" /&gt;&lt;link rel="alternate" media="handheld" href="https://m.facebook.com/?locale2=pt_BR" /&gt;&lt;link rel="alternate" hreflang="x-default" href="https://www.facebook.com/" /&gt;&lt;link rel="alternate" hreflang="en" href="https://www.facebook.com/" /&gt;&lt;link rel="alternate" hreflang="ar" href="https://ar-ar.facebook.com/" /&gt;&lt;link rel="alternate" hreflang="bg" href="https://bg-bg.facebook.com/" /&gt;&lt;link rel="alternate" hreflang="bs" href="https://bs-ba.facebook.com/" /&gt;&lt;link rel="alternate" hreflang="ca" href="https://ca-es.facebook.com/" /&gt;&lt;link rel="alternate" hreflang="da" href="https://da-dk.facebook.com/" /&gt;&lt;link rel="alternate" hreflang="el" href="https://el-gr.facebook.com/" /&gt;&lt;link rel="alternate" hreflang="es" href="https://es-la.facebook.com/" /&gt;&lt;link rel="alternate" hreflang="es-es" href="https://es-es.facebook.com/" /&gt;&lt;link rel="alternate" hreflang="fa" href="https://fa-ir.facebook.com/" /&gt;&lt;link rel="alternate" hreflang="fi" href="https://fi-fi.facebook.com/" /&gt;&lt;link rel="alternate" hreflang="fr" href="https://fr-fr.facebook.com/" /&gt;&lt;link rel="alternate" hreflang="fr-ca" href="https://fr-ca.facebook.com/" /&gt;&lt;link rel="alternate" hreflang="hi" href="https://hi-in.facebook.com/" /&gt;&lt;link rel="alternate" hreflang="hr" href="https://hr-hr.facebook.com/" /&gt;&lt;link rel="alternate" hreflang="id" href="https://id-id.facebook.com/" /&gt;&lt;link rel="alternate" hreflang="it" href="https://it-it.facebook.com/" /&gt;&lt;link rel="alternate" hreflang="ko" href="https://ko-kr.facebook.com/" /&gt;&lt;link rel="alternate" hreflang="mk" href="https://mk-mk.facebook.com/" /&gt;&lt;link rel="alternate" hreflang="ms" href="https://ms-my.facebook.com/" /&gt;&lt;link rel="alternate" hreflang="pl" href="https://pl-pl.facebook.com/" /&gt;&lt;link rel="alternate" hreflang="pt" href="https://pt-br.facebook.com/" /&gt;&lt;link rel="alternate" hreflang="pt-pt" href="https://pt-pt.facebook.com/" /&gt;&lt;link rel="alternate" hreflang="ro" href="https://ro-ro.facebook.com/" /&gt;&lt;link rel="alternate" hreflang="sl" href="https://sl-si.facebook.com/" /&gt;&lt;link rel="alternate" hreflang="sr" href="https://sr-rs.facebook.com/" /&gt;&lt;link rel="alternate" hreflang="th" href="https://th-th.facebook.com/" /&gt;&lt;link rel="alternate" hreflang="vi" href="https://vi-vn.facebook.com/" /&gt;&lt;meta name="description" content="Crie uma conta ou entre no Facebook. Conecte-se com amigos, familiares e outras pessoas que voc&amp;#xea; conhe&amp;#xe7;a. Compartilhe fotos e v&amp;#xed;deos, envie mensagens e..." /&gt;&lt;meta name="robots" content="noodp,noydir" /&gt;&lt;link rel="shortcut icon" href="https://static.xx.fbcdn.net/rsrc.php/yz/r/KFyVIAWzntM.ico" /&gt;&lt;link type="text/css" rel="stylesheet" href="https://static.xx.fbcdn.net/rsrc.php/v3/yL/l/0,cross/UMNKM_tUeDl.css?_nc_x=Ij3Wp8lg5Kz" data-bootloader-hash="NQEFLJC" /&gt;
&lt;link type="text/css" rel="stylesheet" href="https://static.xx.fbcdn.net/rsrc.php/v3/yc/l/0,cross/WbhlQiO5j7o.css?_nc_x=Ij3Wp8lg5Kz" data-bootloader-hash="jOIF5Jr" /&gt;
&lt;link type="text/css" rel="stylesheet" href="https://static.xx.fbcdn.net/rsrc.php/v3/y8/l/0,cross/fFct7dIQQDt.css?_nc_x=Ij3Wp8lg5Kz" data-bootloader-hash="eeYF5pX" /&gt;
&lt;link type="text/css" rel="stylesheet" href="https://static.xx.fbcdn.net/rsrc.php/v3/yv/l/0,cross/ak7MahiS626.css?_nc_x=Ij3Wp8lg5Kz" data-bootloader-hash="LWcly3B" /&gt;
&lt;link type="text/css" rel="stylesheet" href="https://static.xx.fbcdn.net/rsrc.php/v3/yX/l/0,cross/ngjpDBVPg_c.css?_nc_x=Ij3Wp8lg5Kz" data-bootloader-hash="v0KpDpU" data-nonblocking="1" /&gt;
&lt;link type="text/css" rel="stylesheet" href="https://static.xx.fbcdn.net/rsrc.php/v3/y6/l/0,cross/iWbQtMrJW8n.css?_nc_x=Ij3Wp8lg5Kz" data-bootloader-hash="4l/JzXY" /&gt;... (set the log level to DEBUG or TRACE to see the full content) 
 </msg>
<msg timestamp="20210321 20:00:22.990" level="INFO">c:\users\lucas\appdata\local\programs\python\python39\lib\site-packages\urllib3\connectionpool.py:1013: InsecureRequestWarning: Unverified HTTPS request is being made to host 'www.facebook.com'. Adding certificate verification is strongly advised. See: https://urllib3.readthedocs.io/en/latest/advanced-usage.html#ssl-warnings
  warnings.warn(</msg>
<msg timestamp="20210321 20:00:22.990" level="INFO">${response} = &lt;Response [200]&gt;</msg>
<status status="PASS" starttime="20210321 20:00:22.259" endtime="20210321 20:00:22.990"/>
</kw>
<kw name="Log To Console" library="BuiltIn">
<arg>${response}</arg>
<doc>Logs the given message to the console.</doc>
<status status="PASS" starttime="20210321 20:00:22.991" endtime="20210321 20:00:23.001"/>
</kw>
<kw name="Status Should Be" library="RequestsLibrary">
<arg>200</arg>
<arg>${response}</arg>
<doc>Fails if response status code is different than the expected.</doc>
<status status="PASS" starttime="20210321 20:00:23.001" endtime="20210321 20:00:23.002"/>
</kw>
<status status="PASS" starttime="20210321 20:00:22.258" endtime="20210321 20:00:23.002"/>
</test>
<status status="PASS" starttime="20210321 20:00:22.141" endtime="20210321 20:00:23.003"/>
</suite>
<statistics>
<total>
<stat pass="1" fail="0" skip="0">All Tests</stat>
</total>
<tag>
</tag>
<suite>
<stat pass="1" fail="0" skip="0" id="s1" name="APITesting">APITesting</stat>
</suite>
</statistics>
<errors>
</errors>
</robot>
